[auto_profile] Sun Dec 28 20:39:05 +06 2025 | Worker started (PID=1880)
[auto_profile] Sun Dec 28 20:39:05 +06 2025 | Applying profile: balanced_smooth (Battery=92%, CPU=29%)
[auto_profile] Sun Dec 28 20:39:05 +06 2025 | Profile applied successfully: balanced_smooth
[auto_profile] Sun Dec 28 21:19:32 +06 2025 | Worker started (PID=14751)
[auto_profile] Sun Dec 28 21:19:32 +06 2025 | No change (profile=balanced_smooth)
[auto_profile] Sun Dec 28 22:02:16 +06 2025 | Worker started (PID=32174)
[auto_profile] Sun Dec 28 22:02:16 +06 2025 | No change (profile=balanced_smooth)
[auto_profile] Sun Dec 28 22:47:21 +06 2025 | Worker started (PID=18276)
[auto_profile] Sun Dec 28 22:47:21 +06 2025 | No change (profile=balanced_smooth)
[auto_profile] Sun Dec 28 23:21:04 +06 2025 | Worker started (PID=4028)
[auto_profile] Sun Dec 28 23:21:04 +06 2025 | No change (profile=balanced_smooth)
[auto_profile] Sun Dec 28 23:57:44 +06 2025 | Worker started (PID=22160)
[auto_profile] Sun Dec 28 23:57:44 +06 2025 | No change (profile=balanced_smooth)
[auto_profile] Mon Dec 29 01:25:13 +06 2025 | Worker started (PID=12829)
[auto_profile] Mon Dec 29 01:25:13 +06 2025 | No change (profile=balanced_smooth)
[auto_profile] Mon Dec 29 03:26:08 +06 2025 | Worker started (PID=24246)
[auto_profile] Mon Dec 29 03:26:08 +06 2025 | No change (profile=balanced_smooth)
[auto_profile] Mon Dec 29 03:56:08 +06 2025 | Worker started (PID=3546)
[auto_profile] Mon Dec 29 03:56:08 +06 2025 | No change (profile=balanced_smooth)
[auto_profile] Mon Dec 29 04:54:19 +06 2025 | Worker started (PID=21202)
[auto_profile] Mon Dec 29 04:54:19 +06 2025 | No change (profile=balanced_smooth)
[auto_profile] Mon Dec 29 05:28:43 +06 2025 | Worker started (PID=25546)
[auto_profile] Mon Dec 29 05:28:43 +06 2025 | No change (profile=balanced_smooth)
[auto_profile] Mon Dec 29 06:02:52 +06 2025 | Worker started (PID=11493)
[auto_profile] Mon Dec 29 06:02:52 +06 2025 | No change (profile=balanced_smooth)
[auto_profile] Mon Dec 29 07:07:20 +06 2025 | Worker started (PID=28499)
[auto_profile] Mon Dec 29 07:07:20 +06 2025 | No change (profile=balanced_smooth)
[auto_profile] Mon Dec 29 07:37:20 +06 2025 | Worker started (PID=7292)
[auto_profile] Mon Dec 29 07:37:20 +06 2025 | No change (profile=balanced_smooth)
[auto_profile] Mon Dec 29 08:07:20 +06 2025 | Worker started (PID=9735)
[auto_profile] Mon Dec 29 08:07:20 +06 2025 | No change (profile=balanced_smooth)
[auto_profile] Mon Dec 29 08:37:20 +06 2025 | Worker started (PID=13366)
[auto_profile] Mon Dec 29 08:37:20 +06 2025 | Applying profile: balanced (Battery=50%, CPU=10%)
[auto_profile] Mon Dec 29 08:37:20 +06 2025 | Profile applied successfully: balanced
[auto_profile] Mon Dec 29 09:07:20 +06 2025 | Worker started (PID=16845)
[auto_profile] Mon Dec 29 09:07:20 +06 2025 | No change (profile=balanced)
[auto_profile] Mon Dec 29 09:37:20 +06 2025 | Worker started (PID=18782)
[auto_profile] Mon Dec 29 09:37:20 +06 2025 | No change (profile=balanced)
[auto_profile] Mon Dec 29 10:00:34 +06 2025 | Worker started (PID=22399)
[auto_profile] Mon Dec 29 10:00:34 +06 2025 | No change (profile=balanced)
[auto_profile] Mon Dec 29 10:30:34 +06 2025 | Worker started (PID=25335)
[auto_profile] Mon Dec 29 10:30:34 +06 2025 | Applying profile: balanced_smooth (Battery=100%, CPU=8%)
[auto_profile] Mon Dec 29 10:30:34 +06 2025 | Profile applied successfully: balanced_smooth
[auto_profile] Mon Dec 29 10:32:19 +06 2025 | Worker started (PID=25690)
[auto_profile] Mon Dec 29 10:32:19 +06 2025 | Applying profile: balanced (Battery=50%, CPU=8%)
[auto_profile] Mon Dec 29 10:32:19 +06 2025 | Profile applied successfully: balanced
[auto_profile] Mon Dec 29 11:19:49 +06 2025 | Worker started (PID=8682)
[auto_profile] Mon Dec 29 11:19:49 +06 2025 | Applying profile: balanced_smooth (Battery=98%, CPU=8%)
[auto_profile] Mon Dec 29 11:19:49 +06 2025 | Profile applied successfully: balanced_smooth
[auto_profile] Mon Dec 29 12:01:11 +06 2025 | Worker started (PID=18058)
[auto_profile] Mon Dec 29 12:01:11 +06 2025 | No change (profile=balanced_smooth)
[auto_profile] Mon Dec 29 13:09:02 +06 2025 | Worker started (PID=16917)
[auto_profile] Mon Dec 29 13:09:02 +06 2025 | No change (profile=balanced_smooth)
[auto_profile] Mon Dec 29 13:54:34 +06 2025 | Worker started (PID=30376)
[auto_profile] Mon Dec 29 13:54:34 +06 2025 | No change (profile=balanced_smooth)
[auto_profile] Mon Dec 29 14:38:38 +06 2025 | Worker started (PID=10628)
[auto_profile] Mon Dec 29 14:38:38 +06 2025 | No change (profile=balanced_smooth)
[auto_profile] Mon Dec 29 15:32:57 +06 2025 | Worker started (PID=27543)
[auto_profile] Mon Dec 29 15:32:57 +06 2025 | No change (profile=balanced_smooth)
[auto_profile] Mon Dec 29 16:02:57 +06 2025 | Worker started (PID=3865)
[auto_profile] Mon Dec 29 16:02:57 +06 2025 | No change (profile=balanced_smooth)
[auto_profile] Mon Dec 29 17:11:42 +06 2025 | Worker started (PID=18529)
[auto_profile] Mon Dec 29 17:11:42 +06 2025 | No change (profile=balanced_smooth)
[auto_profile] Mon Dec 29 17:47:40 +06 2025 | Worker started (PID=8728)
[auto_profile] Mon Dec 29 17:47:40 +06 2025 | No change (profile=balanced_smooth)
[auto_profile] Mon Dec 29 18:55:56 +06 2025 | Worker started (PID=4255)
[auto_profile] Mon Dec 29 18:55:56 +06 2025 | No change (profile=balanced_smooth)
[auto_profile] Mon Dec 29 19:26:16 +06 2025 | Worker started (PID=24092)
[auto_profile] Mon Dec 29 19:26:16 +06 2025 | No change (profile=balanced_smooth)
[auto_profile] Mon Dec 29 19:58:06 +06 2025 | Worker started (PID=7808)
[auto_profile] Mon Dec 29 19:58:06 +06 2025 | No change (profile=balanced_smooth)
