⚡ Battery Safe started Mon Dec 29 07:37:20 +06 2025
⏸ Pause @80% Mon Dec 29 08:07:53 +06 2025
▶ Sync charging Mon Dec 29 08:12:53 +06 2025
⏸ Resume pause Mon Dec 29 08:13:54 +06 2025
▶ Sync charging Mon Dec 29 08:18:54 +06 2025
⏸ Resume pause Mon Dec 29 08:19:54 +06 2025
▶ Sync charging Mon Dec 29 08:24:55 +06 2025
⏸ Resume pause Mon Dec 29 08:25:55 +06 2025
▶ Sync charging Mon Dec 29 08:30:55 +06 2025
⏸ Resume pause Mon Dec 29 08:31:55 +06 2025
▶ Sync charging Mon Dec 29 08:36:56 +06 2025
⏸ Resume pause Mon Dec 29 08:37:56 +06 2025
▶ Sync charging Mon Dec 29 08:42:56 +06 2025
⏸ Resume pause Mon Dec 29 08:43:57 +06 2025
▶ Sync charging Mon Dec 29 08:48:57 +06 2025
⏸ Resume pause Mon Dec 29 08:49:57 +06 2025
▶ Sync charging Mon Dec 29 08:54:58 +06 2025
⏸ Resume pause Mon Dec 29 08:55:58 +06 2025
▶ Sync charging Mon Dec 29 09:00:58 +06 2025
⏸ Resume pause Mon Dec 29 09:01:58 +06 2025
▶ Sync charging Mon Dec 29 09:06:59 +06 2025
⏸ Resume pause Mon Dec 29 09:07:59 +06 2025
▶ Sync charging Mon Dec 29 09:12:59 +06 2025
⏸ Resume pause Mon Dec 29 09:13:59 +06 2025
▶ Sync charging Mon Dec 29 09:19:00 +06 2025
⏸ Resume pause Mon Dec 29 09:20:00 +06 2025
▶ Sync charging Mon Dec 29 09:25:00 +06 2025
⏸ Resume pause Mon Dec 29 09:26:00 +06 2025
▶ Sync charging Mon Dec 29 09:31:01 +06 2025
⏸ Resume pause Mon Dec 29 09:32:01 +06 2025
▶ Sync charging Mon Dec 29 09:37:02 +06 2025
⏸ Resume pause Mon Dec 29 09:38:02 +06 2025
▶ Sync charging Mon Dec 29 09:43:02 +06 2025
⏸ Resume pause Mon Dec 29 09:44:02 +06 2025
▶ Sync charging Mon Dec 29 09:49:03 +06 2025
⏸ Resume pause Mon Dec 29 09:50:03 +06 2025
▶ Sync charging Mon Dec 29 09:55:03 +06 2025
⏸ Resume pause Mon Dec 29 09:56:03 +06 2025
🔌 Charger disconnected Mon Dec 29 10:00:34 +06 2025
⚡ Battery Safe exited Mon Dec 29 10:00:34 +06 2025
⚡ Battery Safe exited Mon Dec 29 10:00:34 +06 2025
⚡ Battery Safe started Mon Dec 29 10:30:34 +06 2025
🛑 Charging stopped @100% Mon Dec 29 10:30:34 +06 2025
🔌 Charger disconnected Mon Dec 29 10:32:19 +06 2025
⚡ Battery Safe exited Mon Dec 29 10:32:19 +06 2025
⚡ Battery Safe exited Mon Dec 29 10:32:19 +06 2025
