[service] 2025-12-28 20:39:05 | Permissions fixed
[service] 2025-12-28 20:39:05 | Scheduler started
[service] 2025-12-28 20:39:05 | auto_profile executed | Battery: 92% | Status: Discharging
[service] 2025-12-28 21:19:32 | auto_profile executed | Battery: 100% | Status: Discharging
[service] 2025-12-28 22:02:16 | auto_profile executed | Battery: 96% | Status: Discharging
[service] 2025-12-28 22:47:21 | auto_profile executed | Battery: 92% | Status: Discharging
[service] 2025-12-28 23:21:04 | auto_profile executed | Battery: 88% | Status: Discharging
[service] 2025-12-28 23:57:44 | auto_profile executed | Battery: 84% | Status: Discharging
[service] 2025-12-29 01:25:13 | auto_profile executed | Battery: 80% | Status: Discharging
[service] 2025-12-29 03:26:08 | auto_profile executed | Battery: 75% | Status: Discharging
[service] 2025-12-29 03:56:08 | auto_profile executed | Battery: 71% | Status: Discharging
[service] 2025-12-29 04:54:19 | auto_profile executed | Battery: 67% | Status: Discharging
[service] 2025-12-29 05:28:43 | auto_profile executed | Battery: 63% | Status: Discharging
[service] 2025-12-29 06:02:52 | auto_profile executed | Battery: 59% | Status: Discharging
[service] 2025-12-29 07:07:20 | auto_profile executed | Battery: 55% | Status: Discharging
[service] 2025-12-29 07:37:20 | auto_profile executed | Battery: 63% | Status: Charging
[service] 2025-12-29 07:37:20 | Charger connected
[service] 2025-12-29 07:37:20 | battery_safe started
[service] 2025-12-29 08:07:20 | auto_profile executed | Battery: 79% | Status: Charging
[service] 2025-12-29 08:37:20 | auto_profile executed | Battery: 50% | Status: Charging
[service] 2025-12-29 09:07:20 | auto_profile executed | Battery: 50% | Status: Charging
[service] 2025-12-29 09:37:20 | auto_profile executed | Battery: 50% | Status: Charging
[service] 2025-12-29 10:00:34 | auto_profile executed | Battery: 50% | Status: Discharging
[service] 2025-12-29 10:00:34 | battery_safe stopped (charger unplugged)
[service] 2025-12-29 10:30:34 | auto_profile executed | Battery: 100% | Status: Charging
[service] 2025-12-29 10:30:34 | Charger connected
[service] 2025-12-29 10:30:34 | battery_safe started
[service] 2025-12-29 10:32:19 | auto_profile executed | Battery: 50% | Status: Discharging
[service] 2025-12-29 10:32:19 | battery_safe stopped (charger unplugged)
[service] 2025-12-29 11:19:49 | auto_profile executed | Battery: 98% | Status: Discharging
[service] 2025-12-29 12:01:11 | auto_profile executed | Battery: 96% | Status: Discharging
[service] 2025-12-29 13:09:02 | auto_profile executed | Battery: 92% | Status: Discharging
[service] 2025-12-29 13:54:34 | auto_profile executed | Battery: 89% | Status: Discharging
[service] 2025-12-29 14:38:38 | auto_profile executed | Battery: 86% | Status: Discharging
[service] 2025-12-29 15:32:57 | auto_profile executed | Battery: 82% | Status: Discharging
[service] 2025-12-29 16:02:57 | auto_profile executed | Battery: 75% | Status: Discharging
[service] 2025-12-29 17:11:42 | auto_profile executed | Battery: 70% | Status: Discharging
[service] 2025-12-29 17:47:40 | auto_profile executed | Battery: 64% | Status: Discharging
[service] 2025-12-29 18:55:56 | auto_profile executed | Battery: 60% | Status: Discharging
[service] 2025-12-29 19:26:16 | auto_profile executed | Battery: 57% | Status: Discharging
[service] 2025-12-29 19:58:06 | auto_profile executed | Battery: 53% | Status: Discharging
